DEBUG:blivet:get_format('None') returning DeviceFormat instance with object id 97
DEBUG:blivet:                   DMLinearDevice._set_format: azurelinux-desktop-live ; type: None ; current: None ;
INFO:blivet:registered action: [96] destroy format None on dm-linear azurelinux-desktop-live (id 25)
DEBUG:blivet:              DiskLabel.__init__: device: /dev/mapper/azurelinux-desktop-live ;
DEBUG:blivet:selecting None disklabel for azurelinux-desktop-live based on size
DEBUG:blivet:                    DiskLabel.fresh_parted_disk: device: /dev/mapper/azurelinux-desktop-live ; label_type: gpt ;
DEBUG:blivet:selecting None disklabel for azurelinux-desktop-live based on size
DEBUG:blivet:Set pmbr_boot on parted.Disk instance --
  type: gpt  primaryPartitionCount: 0
  lastPartitionNumber: -1  maxPrimaryPartitionCount: 128
  partitions: []
  device: <parted.device.Device object at 0x7f47f0a9ce90>
  PedDisk: <_ped.Disk object at 0x7f47f0baa140>
DEBUG:blivet:get_format('disklabel') returning DiskLabel instance with object id 98
DEBUG:blivet:                   DMLinearDevice._set_format: azurelinux-desktop-live ; type: disklabel ; current: None ;
INFO:blivet:registered action: [99] create format gpt disklabel on dm-linear azurelinux-desktop-live (id 25)
DEBUG:anaconda.modules.storage.bootloader.execution:Execute the bootloader with dry run True.
DEBUG:anaconda.modules.storage.bootloader.base:new disk list: [DMLinearDevice instance (0x7f47f1cf9e50) --
  name = azurelinux-desktop-live  status = True  id = 25
  children = []
  parents = ['existing 16.49 GiB loop loop0 (21)']
  uuid = None  size = 16.49 GiB
  format = non-existent gpt disklabel
  major = 0  minor = 0  exists = True  protected = False
  sysfs path = /sys/devices/virtual/block/dm-0
  target size = 16.49 GiB  path = /dev/mapper/azurelinux-desktop-live
  format args = []  original_format = None  target = linear  dm_uuid = ANACONDA-azurelinux-desktop-live]
DEBUG:anaconda.modules.storage.bootloader.execution:Applying bootloader location: MBR
DEBUG:anaconda.modules.storage.bootloader.execution:Applying drive order: []
DEBUG:anaconda.modules.storage.bootloader.base:new disk order: []
DEBUG:anaconda.modules.storage.bootloader.base:Is /workspace/live-disk-result/azurelinux-desktop-live.img a valid stage1 target device?
DEBUG:anaconda.modules.storage.bootloader.base:stage1 device cannot be of type file
DEBUG:anaconda.modules.storage.bootloader.base:Is azurelinux-desktop-live a valid stage1 target device?
DEBUG:anaconda.modules.storage.bootloader.base:_is_valid_disklabel(azurelinux-desktop-live) returning True
DEBUG:anaconda.modules.storage.bootloader.base:_is_valid_disklabel(azurelinux-desktop-live) returning True
DEBUG:anaconda.modules.storage.bootloader.base:_is_valid_size(azurelinux-desktop-live) returning True
DEBUG:anaconda.modules.storage.bootloader.base:_is_valid_location(azurelinux-desktop-live) returning True
DEBUG:anaconda.modules.storage.bootloader.base:_is_valid_format(azurelinux-desktop-live) returning True
DEBUG:anaconda.modules.storage.bootloader.base:is_valid_stage1_device(azurelinux-desktop-live) returning True
DEBUG:anaconda.modules.storage.bootloader.execution:Found a drive with a valid stage1: azurelinux-desktop-live
DEBUG:anaconda.modules.storage.bootloader.execution:Use a usable drive with a valid stage1 device.
DEBUG:anaconda.modules.storage.bootloader.execution:Using a boot drive: azurelinux-desktop-live
DEBUG:blivet:                DeviceTree.get_device_by_name: name: azurelinux-desktop-live ; incomplete: False ; hidden: False ;
DEBUG:blivet:                DeviceTree.get_device_by_name returned existing 16.49 GiB dm-linear azurelinux-desktop-live (25) with non-existent gpt disklabel
DEBUG:blivet:resolved 'azurelinux-desktop-live' to 'azurelinux-desktop-live' (dm-linear)
DEBUG:anaconda.modules.storage.partitioning.custom.custom_partitioning:Executing the custom partitioning.
DEBUG:anaconda.modules.storage.partitioning.custom.custom_partitioning:Looking for platform-specific requirements.
DEBUG:anaconda.modules.storage.partitioning.custom.custom_partitioning:Removing the requirement for /boot.
DEBUG:anaconda.modules.storage.partitioning.custom.custom_partitioning:Applying requirements:
PartSpec instance (0x7f47f0bcc6e0) -- 
  mountpoint = None  lv = False  thin = False  btrfs = False
  weight = 0  fstype = biosboot  encrypted = False
  size = 1024 KiB  max_size = None  grow = False
  required_space = 0
  schemes = set()
DEBUG:anaconda.modules.storage.bootloader.base:Is azurelinux-desktop-live a valid stage1 target device?
DEBUG:anaconda.modules.storage.bootloader.base:_is_valid_disklabel(azurelinux-desktop-live) returning True
DEBUG:anaconda.modules.storage.bootloader.base:_is_valid_disklabel(azurelinux-desktop-live) returning True
DEBUG:anaconda.modules.storage.bootloader.base:_is_valid_size(azurelinux-desktop-live) returning True
DEBUG:anaconda.modules.storage.bootloader.base:_is_valid_location(azurelinux-desktop-live) returning True
DEBUG:anaconda.modules.storage.bootloader.base:_is_valid_format(azurelinux-desktop-live) returning True
DEBUG:anaconda.modules.storage.bootloader.base:is_valid_stage1_device(azurelinux-desktop-live) returning True
DEBUG:anaconda.modules.storage.partitioning.automatic.utils:making sure biosboot is placed on azurelinux-desktop-live
DEBUG:blivet:get_format('biosboot') returning BIOSBoot instance with object id 100
DEBUG:blivet:get_format('None') returning DeviceFormat instance with object id 102
DEBUG:blivet:                          DMLinearDevice.add_child: name: azurelinux-desktop-live ; child: req0 ; kids: 0 ;
DEBUG:blivet:                     PartitionDevice._set_format: req0 ; type: biosboot ; current: None ;
DEBUG:blivet:                        DMLinearDevice.remove_child: name: azurelinux-desktop-live ; child: req0 ; kids: 1 ;
INFO:blivet:added partition req0 (id 101) to device tree
INFO:blivet:registered action: [104] create device partition req0 (id 101)
DEBUG:blivet:get_format('None') returning DeviceFormat instance with object id 106
DEBUG:blivet:                     PartitionDevice._set_format: req0 ; type: biosboot ; current: biosboot ;
INFO:blivet:registered action: [105] create format biosboot on partition req0 (id 101)
DEBUG:blivet:                XFS.supported: supported: True ;
INFO:program:[libmkod] custom logging function 0x7f47f65d9930 registered

INFO:program:[libmkod] context 0x7f47e005d3e0 released

DEBUG:blivet:Kernel module xfs not available
DEBUG:blivet:get_format('xfs') returning XFS instance with object id 107
DEBUG:blivet:get_format('None') returning DeviceFormat instance with object id 109
DEBUG:blivet:                     PartitionDevice._set_format: req1 ; type: xfs ; current: None ;
INFO:blivet:added partition req1 (id 108) to device tree
INFO:blivet:registered action: [111] create device partition req1 (id 108)
DEBUG:blivet:get_format('None') returning DeviceFormat instance with object id 113
DEBUG:blivet:                     PartitionDevice._set_format: req1 ; type: xfs ; current: xfs ;
INFO:blivet:registered action: [112] create format xfs filesystem mounted at / on partition req1 (id 108)
DEBUG:blivet:             DMLinearDevice.setup: azurelinux-desktop-live ; orig: False ; status: True ; controllable: True ;
INFO:program:[libmkod] custom logging function 0x7f47f65d9930 registered

INFO:program:[libmkod] context 0x7f47e005d3e0 released

INFO:program:[libmkod] custom logging function 0x7f47f65d9930 registered

INFO:program:[libmkod] context 0x7f47e005d3e0 released

DEBUG:blivet:removing all non-preexisting partitions ['req0(id 101)', 'req1(id 108)'] from disk(s) ['azurelinux-desktop-live']
DEBUG:blivet:allocate_partitions: disks=['azurelinux-desktop-live'] ; partitions=['req0(id 101)', 'req1(id 108)']
INFO:program:[libmkod] custom logging function 0x7f47f65d9930 registered

INFO:program:[libmkod] context 0x7f47e005d3e0 released

DEBUG:blivet:removing all non-preexisting partitions ['req0(id 101)', 'req1(id 108)'] from disk(s) ['azurelinux-desktop-live']
DEBUG:blivet:allocating partition: req0 ; id: 101 ; disks: ['azurelinux-desktop-live'] ;
boot: True ; primary: False ; size: 1024 KiB ; grow: False ; max_size: 0 B ; start: None ; end: None
DEBUG:blivet:checking freespace on azurelinux-desktop-live
DEBUG:blivet:get_best_free_space_region: disk=/dev/mapper/azurelinux-desktop-live part_type=0 req_size=1024 KiB boot=True best=None grow=False start=None
DEBUG:blivet:checking 34-34582494 (16.49 GiB)
DEBUG:blivet:current free range is 34-34582494 (16.49 GiB)
DEBUG:blivet:updating use_disk to azurelinux-desktop-live, type: 0
DEBUG:blivet:new free: 34-34582494 / 16.49 GiB
DEBUG:blivet:new free allows for 0 sectors of growth
DEBUG:blivet:found free space for bootable request
DEBUG:blivet:using alignment: parted.Alignment instance --
  offset: 0  grainSize: 2048
  PedAlignment: <_ped.Alignment object at 0x7f47f0a47d30>
DEBUG:blivet:adjusted start sector from 34 to 2048
DEBUG:blivet:created partition mapper/azurelinux-desktop-live1 of 1024 KiB and added it to /dev/mapper/azurelinux-desktop-live
DEBUG:blivet:                PartitionDevice._set_parted_partition: req0 ;
DEBUG:blivet:device req0 new parted_partition parted.Partition instance --
  disk: <parted.disk.Disk object at 0x7f47f0b994f0>  fileSystem: None
  number: 1  path: /dev/mapper/azurelinux-desktop-live1  type: 0
  name:   active: True  busy: False
  geometry: <parted.geometry.Geometry object at 0x7f47f0af6db0>  PedPartition: <_ped.Partition object at 0x7f47f0b05710>
DEBUG:blivet:                PartitionDevice._set_disk: azurelinux-desktop-live1 ; old: None ; new: azurelinux-desktop-live ;
DEBUG:blivet:                     DMLinearDevice.add_child: name: azurelinux-desktop-live ; child: azurelinux-desktop-live1 ; kids: 0 ;
DEBUG:blivet:                PartitionDevice._set_parted_partition: azurelinux-desktop-live1 ;
DEBUG:blivet:device azurelinux-desktop-live1 new parted_partition parted.Partition instance --
  disk: <parted.disk.Disk object at 0x7f47f0b994f0>  fileSystem: None
  number: 1  path: /dev/mapper/azurelinux-desktop-live1  type: 0
  name:   active: True  busy: False
  geometry: <parted.geometry.Geometry object at 0x7f47f0b0c470>  PedPartition: <_ped.Partition object at 0x7f47f0b05800>
INFO:program:[libmkod] custom logging function 0x7f47f65d9930 registered

INFO:program:[libmkod] context 0x7f47e005d3e0 released

DEBUG:blivet:allocating partition: req1 ; id: 108 ; disks: ['azurelinux-desktop-live'] ;
boot: False ; primary: False ; size: 16 GiB ; grow: True ; max_size: 0 B ; start: None ; end: None
DEBUG:blivet:checking freespace on azurelinux-desktop-live
DEBUG:blivet:get_best_free_space_region: disk=/dev/mapper/azurelinux-desktop-live part_type=0 req_size=16 GiB boot=False best=None grow=True start=None
DEBUG:blivet:checking 34-2047 (1007 KiB)
DEBUG:blivet:current free range is 34-2047 (1007 KiB)
DEBUG:blivet:checking 4096-34582494 (16.49 GiB)
DEBUG:blivet:current free range is 4096-34582494 (16.49 GiB)
DEBUG:blivet:evaluating growth potential for new layout
DEBUG:blivet:calculating growth for disk /dev/mapper/azurelinux-desktop-live
DEBUG:blivet:using alignment: parted.Alignment instance --
  offset: 0  grainSize: 2048
  PedAlignment: <_ped.Alignment object at 0x7f47f0a47d30>
DEBUG:blivet:                PartitionDevice._set_parted_partition: req1 ;
DEBUG:blivet:device req1 new parted_partition parted.Partition instance --
  disk: <parted.disk.Disk object at 0x7f47f0b994f0>  fileSystem: None
  number: 2  path: /dev/mapper/azurelinux-desktop-live2  type: 0
  name:   active: True  busy: False
  geometry: <parted.geometry.Geometry object at 0x7f47f0af7c50>  PedPartition: <_ped.Partition object at 0x7f47f0aef1a0>
DEBUG:blivet:                PartitionDevice._set_disk: azurelinux-desktop-live2 ; old: None ; new: azurelinux-desktop-live ;
DEBUG:blivet:                     DMLinearDevice.add_child: name: azurelinux-desktop-live ; child: azurelinux-desktop-live2 ; kids: 1 ;
DEBUG:blivet:adding request 101 to chunk 34578432 (2048-34580479) on /dev/mapper/azurelinux-desktop-live
DEBUG:blivet:adding request 108 to chunk 34578432 (2048-34580479) on /dev/mapper/azurelinux-desktop-live
DEBUG:blivet:Chunk.grow_requests: 34578432 (2048-34580479) on /dev/mapper/azurelinux-desktop-live start = 2048  end = 34580479
sector_size = 512 B

DEBUG:blivet:req: PartitionRequest instance --
id = 101  name = azurelinux-desktop-live1  growable = False
base = 2048  growth = 0  max_grow = 0
done = True
DEBUG:blivet:req: PartitionRequest instance --
id = 108  name = azurelinux-desktop-live2  growable = True
base = 33554432  growth = 0  max_grow = 36028796985409536
done = False
DEBUG:blivet:1 requests and 1021952 (499 MiB) left in chunk
DEBUG:blivet:adding 1021952 (499 MiB) to 108 (azurelinux-desktop-live2)
DEBUG:blivet:new grow amount for request 108 (azurelinux-desktop-live2) is 1021952 units, or 499 MiB
DEBUG:blivet:request 101 (azurelinux-desktop-live1) growth: 0 (0 B) size: 1024 KiB
DEBUG:blivet:request 108 (azurelinux-desktop-live2) growth: 1021952 (499 MiB) size: 16.49 GiB
DEBUG:blivet:disk /dev/mapper/azurelinux-desktop-live growth: 1021952 (499 MiB)
DEBUG:blivet:                PartitionDevice._set_parted_partition: azurelinux-desktop-live2 ;
DEBUG:blivet:device azurelinux-desktop-live2 new parted_partition None
DEBUG:blivet:                PartitionDevice._set_disk: req1 ; old: azurelinux-desktop-live ; new: None ;
DEBUG:blivet:                         DMLinearDevice.remove_child: name: azurelinux-desktop-live ; child: req1 ; kids: 2 ;
DEBUG:blivet:total growth: 1021952 sectors
DEBUG:blivet:updating use_disk to azurelinux-desktop-live, type: 0
DEBUG:blivet:new free: 4096-34582494 / 16.49 GiB
DEBUG:blivet:new free allows for 1021952 sectors of growth
DEBUG:blivet:using alignment: parted.Alignment instance --
  offset: 0  grainSize: 2048
  PedAlignment: <_ped.Alignment object at 0x7f47f0a47d30>
DEBUG:blivet:created partition mapper/azurelinux-desktop-live2 of 16 GiB and added it to /dev/mapper/azurelinux-desktop-live
DEBUG:blivet:                PartitionDevice._set_parted_partition: req1 ;
DEBUG:blivet:device req1 new parted_partition parted.Partition instance --
  disk: <parted.disk.Disk object at 0x7f47f0b994f0>  fileSystem: None
  number: 2  path: /dev/mapper/azurelinux-desktop-live2  type: 0
  name:   active: True  busy: False
  geometry: <parted.geometry.Geometry object at 0x7f47f0ac39b0>  PedPartition: <_ped.Partition object at 0x7f47f0b044f0>
DEBUG:blivet:                PartitionDevice._set_disk: azurelinux-desktop-live2 ; old: None ; new: azurelinux-desktop-live ;
DEBUG:blivet:                     DMLinearDevice.add_child: name: azurelinux-desktop-live ; child: azurelinux-desktop-live2 ; kids: 1 ;
DEBUG:blivet:                PartitionDevice._set_parted_partition: azurelinux-desktop-live2 ;
DEBUG:blivet:device azurelinux-desktop-live2 new parted_partition parted.Partition instance --
  disk: <parted.disk.Disk object at 0x7f47f0b994f0>  fileSystem: None
  number: 2  path: /dev/mapper/azurelinux-desktop-live2  type: 0
  name:   active: True  busy: False
  geometry: <parted.geometry.Geometry object at 0x7f47f0ac2e10>  PedPartition: <_ped.Partition object at 0x7f47f0b07790>
DEBUG:blivet:grow_partitions: disks=['azurelinux-desktop-live'], partitions=['azurelinux-desktop-live1(id 101)', 'azurelinux-desktop-live2(id 108)']
DEBUG:blivet:growable partitions are ['azurelinux-desktop-live2']
DEBUG:blivet:adding request 101 to chunk 34578432 (2048-34580479) on /dev/mapper/azurelinux-desktop-live
DEBUG:blivet:adding request 108 to chunk 34578432 (2048-34580479) on /dev/mapper/azurelinux-desktop-live
DEBUG:blivet:disk azurelinux-desktop-live has 1 chunks
DEBUG:blivet:Chunk.grow_requests: 34578432 (2048-34580479) on /dev/mapper/azurelinux-desktop-live start = 2048  end = 34580479
sector_size = 512 B

DEBUG:blivet:req: PartitionRequest instance --
id = 101  name = azurelinux-desktop-live1  growable = False
base = 2048  growth = 0  max_grow = 0
done = True
DEBUG:blivet:req: PartitionRequest instance --
id = 108  name = azurelinux-desktop-live2  growable = True
base = 33554432  growth = 0  max_grow = 36028796985409536
done = False
DEBUG:blivet:1 requests and 1021952 (499 MiB) left in chunk
DEBUG:blivet:adding 1021952 (499 MiB) to 108 (azurelinux-desktop-live2)
DEBUG:blivet:new grow amount for request 108 (azurelinux-desktop-live2) is 1021952 units, or 499 MiB
DEBUG:blivet:growing partitions on azurelinux-desktop-live
DEBUG:blivet:partition azurelinux-desktop-live1 (101): 0
DEBUG:blivet:new geometry for azurelinux-desktop-live1: parted.Geometry instance --
  start: 2048  end: 4095  length: 2048
  device: <parted.device.Device object at 0x7f47f0a9c590>  PedGeometry: <_ped.Geometry object at 0x7f47f0a47940>
DEBUG:blivet:partition azurelinux-desktop-live2 (108): 0
DEBUG:blivet:new geometry for azurelinux-desktop-live2: parted.Geometry instance --
  start: 4096  end: 34580479  length: 34576384
  device: <parted.device.Device object at 0x7f47f0a9c590>  PedGeometry: <_ped.Geometry object at 0x7f47f0a478e0>
DEBUG:blivet:removing all non-preexisting partitions ['azurelinux-desktop-live1(id 101)', 'azurelinux-desktop-live2(id 108)'] from disk(s) ['azurelinux-desktop-live']
DEBUG:blivet:                 PartitionDevice._set_parted_partition: azurelinux-desktop-live1 ;
DEBUG:blivet:device azurelinux-desktop-live1 new parted_partition None
DEBUG:blivet:                 PartitionDevice._set_disk: req0 ; old: azurelinux-desktop-live ; new: None ;
DEBUG:blivet:                          DMLinearDevice.remove_child: name: azurelinux-desktop-live ; child: req0 ; kids: 2 ;
DEBUG:blivet:                 PartitionDevice._set_parted_partition: azurelinux-desktop-live2 ;
DEBUG:blivet:device azurelinux-desktop-live2 new parted_partition None
DEBUG:blivet:                 PartitionDevice._set_disk: req1 ; old: azurelinux-desktop-live ; new: None ;
DEBUG:blivet:                          DMLinearDevice.remove_child: name: azurelinux-desktop-live ; child: req1 ; kids: 1 ;
DEBUG:blivet:back from remove_new_partitions
DEBUG:blivet:extended: None
DEBUG:blivet:setting req0 new geometry: parted.Geometry instance --
  start: 2048  end: 4095  length: 2048
  device: <parted.device.Device object at 0x7f47f0a9c590>  PedGeometry: <_ped.Geometry object at 0x7f47f0a47940>
DEBUG:blivet:                PartitionDevice._set_parted_partition: req0 ;
DEBUG:blivet:device req0 new parted_partition parted.Partition instance --
  disk: <parted.disk.Disk object at 0x7f47f0b994f0>  fileSystem: None
  number: 1  path: /dev/mapper/azurelinux-desktop-live1  type: 0
  name:   active: True  busy: False
  geometry: <parted.geometry.Geometry object at 0x7f47f0b0cfb0>  PedPartition: <_ped.Partition object at 0x7f47f0b07740>
DEBUG:blivet:                PartitionDevice._set_disk: azurelinux-desktop-live1 ; old: None ; new: azurelinux-desktop-live ;
DEBUG:blivet:                     DMLinearDevice.add_child: name: azurelinux-desktop-live ; child: azurelinux-desktop-live1 ; kids: 0 ;
DEBUG:blivet:                PartitionDevice._set_parted_partition: azurelinux-desktop-live1 ;
DEBUG:blivet:device azurelinux-desktop-live1 new parted_partition parted.Partition instance --
  disk: <parted.disk.Disk object at 0x7f47f0b994f0>  fileSystem: None
  number: 1  path: /dev/mapper/azurelinux-desktop-live1  type: 0
  name:   active: True  busy: False
  geometry: <parted.geometry.Geometry object at 0x7f47f0b0e630>  PedPartition: <_ped.Partition object at 0x7f47f0b10ef0>
DEBUG:blivet:setting req1 new geometry: parted.Geometry instance --
  start: 4096  end: 34580479  length: 34576384
  device: <parted.device.Device object at 0x7f47f0a9c590>  PedGeometry: <_ped.Geometry object at 0x7f47f0a478e0>
DEBUG:blivet:                PartitionDevice._set_parted_partition: req1 ;
DEBUG:blivet:device req1 new parted_partition parted.Partition instance --
  disk: <parted.disk.Disk object at 0x7f47f0b994f0>  fileSystem: None
  number: 2  path: /dev/mapper/azurelinux-desktop-live2  type: 0
  name:   active: True  busy: False
  geometry: <parted.geometry.Geometry object at 0x7f47f0a43350>  PedPartition: <_ped.Partition object at 0x7f47f0b07970>
DEBUG:blivet:                PartitionDevice._set_disk: azurelinux-desktop-live2 ; old: None ; new: azurelinux-desktop-live ;
DEBUG:blivet:                     DMLinearDevice.add_child: name: azurelinux-desktop-live ; child: azurelinux-desktop-live2 ; kids: 1 ;
DEBUG:blivet:                PartitionDevice._set_parted_partition: azurelinux-desktop-live2 ;
DEBUG:blivet:device azurelinux-desktop-live2 new parted_partition parted.Partition instance --
  disk: <parted.disk.Disk object at 0x7f47f0b994f0>  fileSystem: None
  number: 2  path: /dev/mapper/azurelinux-desktop-live2  type: 0
  name:   active: True  busy: False
  geometry: <parted.geometry.Geometry object at 0x7f47f0b660f0>  PedPartition: <_ped.Partition object at 0x7f47f0b05800>
DEBUG:blivet:fixing size of non-existent 1024 KiB partition azurelinux-desktop-live1 (101) with non-existent biosboot
DEBUG:blivet:fixing size of non-existent 16.49 GiB partition azurelinux-desktop-live2 (108) with non-existent xfs filesystem mounted at /
DEBUG:anaconda.modules.storage.bootloader.execution:Execute the bootloader with dry run False.
DEBUG:anaconda.modules.storage.bootloader.base:new disk list: [DMLinearDevice instance (0x7f47f1cf9e50) --
  name = azurelinux-desktop-live  status = True  id = 25
  children = ['non-existent 1024 KiB partition azurelinux-desktop-live1 (101) with '
 'non-existent biosboot',
 'non-existent 16.49 GiB partition azurelinux-desktop-live2 (108) with '
 'non-existent xfs filesystem mounted at /']
  parents = ['existing 16.49 GiB loop loop0 (21)']
  uuid = None  size = 16.49 GiB
  format = non-existent gpt disklabel
  major = 0  minor = 0  exists = True  protected = False
  sysfs path = /sys/devices/virtual/block/dm-0
  target size = 16.49 GiB  path = /dev/mapper/azurelinux-desktop-live
  format args = []  original_format = None  target = linear  dm_uuid = ANACONDA-azurelinux-desktop-live]
DEBUG:anaconda.modules.storage.bootloader.execution:Applying bootloader location: MBR
DEBUG:anaconda.modules.storage.bootloader.execution:Applying drive order: []
DEBUG:anaconda.modules.storage.bootloader.base:new disk order: []
DEBUG:anaconda.modules.storage.bootloader.base:Is /workspace/live-disk-result/azurelinux-desktop-live.img a valid stage1 target device?
DEBUG:anaconda.modules.storage.bootloader.base:stage1 device cannot be of type file
DEBUG:anaconda.modules.storage.bootloader.base:Is azurelinux-desktop-live a valid stage1 target device?
DEBUG:anaconda.modules.storage.bootloader.base:_is_valid_disklabel(azurelinux-desktop-live) returning True
DEBUG:anaconda.modules.storage.bootloader.base:_is_valid_disklabel(azurelinux-desktop-live) returning True
DEBUG:anaconda.modules.storage.bootloader.base:_is_valid_size(azurelinux-desktop-live) returning True
DEBUG:anaconda.modules.storage.bootloader.base:_is_valid_location(azurelinux-desktop-live) returning True
DEBUG:anaconda.modules.storage.bootloader.base:_is_valid_format(azurelinux-desktop-live) returning True
DEBUG:anaconda.modules.storage.bootloader.base:is_valid_stage1_device(azurelinux-desktop-live) returning True
DEBUG:anaconda.modules.storage.bootloader.execution:Found a drive with a valid stage1: azurelinux-desktop-live
DEBUG:anaconda.modules.storage.bootloader.execution:Use a usable drive with a valid stage1 device.
DEBUG:anaconda.modules.storage.bootloader.execution:Using a boot drive: azurelinux-desktop-live
DEBUG:blivet:                DeviceTree.get_device_by_name: name: azurelinux-desktop-live ; incomplete: False ; hidden: False ;
DEBUG:blivet:                DeviceTree.get_device_by_name returned existing 16.49 GiB dm-linear azurelinux-desktop-live (25) with non-existent gpt disklabel
DEBUG:blivet:resolved 'azurelinux-desktop-live' to 'azurelinux-desktop-live' (dm-linear)
DEBUG:anaconda.modules.storage.bootloader.bootloader:Drive is set to 'azurelinux-desktop-live'.
INFO:program:[libmkod] custom logging function 0x7f47f65d9930 registered

INFO:program:[libmkod] context 0x7f47e005d3e0 released

INFO:program:[libmkod] custom logging function 0x7f47f65d9930 registered

INFO:program:[libmkod] context 0x7f47e005d3e0 released

DEBUG:anaconda.modules.storage.bootloader.base:Is azurelinux-desktop-live a valid stage1 target device?
DEBUG:anaconda.modules.storage.bootloader.base:_is_valid_disklabel(azurelinux-desktop-live) returning True
DEBUG:anaconda.modules.storage.bootloader.base:_is_valid_disklabel(azurelinux-desktop-live) returning True
DEBUG:anaconda.modules.storage.bootloader.base:_is_valid_size(azurelinux-desktop-live) returning True
DEBUG:anaconda.modules.storage.bootloader.base:_is_valid_location(azurelinux-desktop-live) returning True
DEBUG:anaconda.modules.storage.bootloader.base:_is_valid_format(azurelinux-desktop-live) returning True
DEBUG:anaconda.modules.storage.bootloader.base:is_valid_stage1_device(azurelinux-desktop-live) returning True
INFO:anaconda.core.threads:Thread Done: AnaTaskThread-CustomPartitioningTask-1 (139946794936000)
DEBUG:dasbus.connection:Publishing an object at /org/fedoraproject/Anaconda/Modules/Storage/Task/3.
INFO:anaconda.core.threads:Running Thread: AnaTaskThread-StorageValidateTask-1 (139946778154688)
INFO:anaconda.modules.common.task.task:Validate a storage model
INFO:program:[libmkod] custom logging function 0x7f47f65d9930 registered

INFO:program:[libmkod] context 0x7f47e0049f80 released

INFO:program:[libmkod] custom logging function 0x7f47f65d9930 registered

INFO:program:[libmkod] context 0x7f47e0049f80 released

INFO:program:[libmkod] custom logging function 0x7f47f65d9930 registered

INFO:program:[libmkod] context 0x7f47e0049f80 released

DEBUG:anaconda.modules.storage.bootloader.base:Is loop0 a valid stage1 target device?
DEBUG:anaconda.modules.storage.bootloader.base:stage1 device cannot be of type loop
INFO:program:[libmkod] custom logging function 0x7f47f65d9930 registered

INFO:program:[libmkod] context 0x7f47e0049f80 released

INFO:program:[libmkod] custom logging function 0x7f47f65d9930 registered

INFO:program:[libmkod] context 0x7f47e0049f80 released

INFO:program:[libmkod] custom logging function 0x7f47f65d9930 registered

INFO:program:[libmkod] context 0x7f47e0049f80 released

DEBUG:anaconda.modules.storage.checker.utils:Available memory: 13.9 GiB
DEBUG:blivet:            DeviceTree.get_device_by_path: path: /dev/mapper/azurelinux-desktop-live1 ; incomplete: False ; hidden: False ;
DEBUG:blivet:            DeviceTree.get_device_by_path returned non-existent 1024 KiB partition azurelinux-desktop-live1 (101) with non-existent biosboot
DEBUG:blivet:            DeviceTree.get_device_by_path: path: /dev/mapper/azurelinux-desktop-live2 ; incomplete: False ; hidden: False ;
DEBUG:blivet:            DeviceTree.get_device_by_path returned non-existent 16.49 GiB partition azurelinux-desktop-live2 (108) with non-existent xfs filesystem mounted at /
DEBUG:anaconda.modules.storage.partitioning.validate:Storage check started with constraints {'min_ram': Size (320 MiB), 'root_device_types': set(), 'min_partition_sizes': {'/': Size (250 MiB), '/usr': Size (250 MiB), '/tmp': Size (50 MiB), '/var': Size (384 MiB), '/home': Size (100 MiB), '/boot': Size (1024 MiB), '/boot/efi': Size (500 MiB)}, 'req_partition_sizes': {}, 'must_be_on_linuxfs': {'/usr/lib', '/var', '/usr/share', '/', '/tmp', '/usr', '/home'}, 'must_be_on_root': {'lost+found', '/root', '/proc', '/lib', '/dev', '/sbin', '/bin', '/etc', '/mnt'}, 'must_not_be_on_root': set(), 'reformat_allowlist': {'/boot', '/var', '/tmp', '/usr'}, 'reformat_blocklist': {'/opt', '/home', '/usr/local', '/var/www'}, 'swap_is_recommended': False, 'luks2_min_ram': Size (128 MiB)}.
DEBUG:anaconda.modules.storage.partitioning.validate:Run sanity check verify_root.
DEBUG:anaconda.modules.storage.partitioning.validate:Run sanity check verify_s390_constraints.
DEBUG:anaconda.modules.storage.partitioning.validate:Run sanity check verify_partition_formatting.
DEBUG:anaconda.modules.storage.partitioning.validate:Run sanity check verify_partition_sizes.
DEBUG:anaconda.modules.storage.partitioning.validate:Run sanity check verify_partition_format_sizes.
DEBUG:anaconda.modules.storage.partitioning.validate:Run sanity check verify_bootloader.
DEBUG:anaconda.modules.storage.partitioning.validate:Found sanity error: You have not created a bootable partition.
DEBUG:anaconda.modules.storage.partitioning.validate:Run sanity check verify_gpt_biosboot.
DEBUG:anaconda.modules.storage.partitioning.validate:Run sanity check verify_opal_compatibility.
DEBUG:anaconda.modules.storage.partitioning.validate:Run sanity check verify_swap.
